This is pdfTeX, Version 3.14159265-2.6-1.40.21 (TeX Live 2020/Debian) (preloaded format=pdflatex 2021.9.24)  15 DEC 2021 20:12
entering extended mode
 restricted \write18 enabled.
 %&-line parsing enabled.
**main.tex
(./main.tex
LaTeX2e <2020-10-01> patch level 4
L3 programming layer <2021-01-09> xparse <2020-03-03>
(/usr/share/texlive/texmf-dist/tex/latex/base/article.cls
Document Class: article 2020/04/10 v1.4m Standard LaTeX document class
(/usr/share/texlive/texmf-dist/tex/latex/base/size10.clo
File: size10.clo 2020/04/10 v1.4m Standard LaTeX file (size option)
)
\c@part=\count177
\c@section=\count178
\c@subsection=\count179
\c@subsubsection=\count180
\c@paragraph=\count181
\c@subparagraph=\count182
\c@figure=\count183
\c@table=\count184
\abovecaptionskip=\skip47
\belowcaptionskip=\skip48
\bibindent=\dimen138
)
(/usr/share/texlive/texmf-dist/tex/latex/base/inputenc.sty
Package: inputenc 2020/08/01 v1.3d Input encoding file
\inpenc@prehook=\toks15
\inpenc@posthook=\toks16
)
(/usr/share/texlive/texmf-dist/tex/generic/babel/babel.sty
Package: babel 2021/01/26 3.53 The Babel package

(/usr/share/texlive/texmf-dist/tex/generic/babel/babel.def
File: babel.def 2021/01/26 3.53 Babel common definitions
\babel@savecnt=\count185
\U@D=\dimen139
\l@babelnohyphens=\language86

(/usr/share/texlive/texmf-dist/tex/generic/babel/txtbabel.def)
\bbl@readstream=\read2
)
\bbl@dirlevel=\count186

(/usr/share/texlive/texmf-dist/tex/generic/babel-spanish/spanish.ldf
Language: spanish.ldf 2016/03/03 v5.0p Spanish support from the babel system
\es@quottoks=\toks17
\es@quotdepth=\count187
Package babel Info: Making " an active character on input line 561.
Package babel Info: Making . an active character on input line 662.
Package babel Info: Making < an active character on input line 707.
Package babel Info: Making > an active character on input line 707.
))
(/usr/share/texlive/texmf-dist/tex/latex/graphics/graphicx.sty
Package: graphicx 2020/09/09 v1.2b Enhanced LaTeX Graphics (DPC,SPQR)

(/usr/share/texlive/texmf-dist/tex/latex/graphics/keyval.sty
Package: keyval 2014/10/28 v1.15 key=value parser (DPC)
\KV@toks@=\toks18
)
(/usr/share/texlive/texmf-dist/tex/latex/graphics/graphics.sty
Package: graphics 2020/08/30 v1.4c Standard LaTeX Graphics (DPC,SPQR)

(/usr/share/texlive/texmf-dist/tex/latex/graphics/trig.sty
Package: trig 2016/01/03 v1.10 sin cos tan (DPC)
)
(/usr/share/texlive/texmf-dist/tex/latex/graphics-cfg/graphics.cfg
File: graphics.cfg 2016/06/04 v1.11 sample graphics configuration
)
Package graphics Info: Driver file: pdftex.def on input line 105.

(/usr/share/texlive/texmf-dist/tex/latex/graphics-def/pdftex.def
File: pdftex.def 2020/10/05 v1.2a Graphics/color driver for pdftex
))
\Gin@req@height=\dimen140
\Gin@req@width=\dimen141
)
(/usr/share/texlive/texmf-dist/tex/latex/geometry/geometry.sty
Package: geometry 2020/01/02 v5.9 Page Geometry

(/usr/share/texlive/texmf-dist/tex/generic/iftex/ifvtex.sty
Package: ifvtex 2019/10/25 v1.7 ifvtex legacy package. Use iftex instead.

(/usr/share/texlive/texmf-dist/tex/generic/iftex/iftex.sty
Package: iftex 2020/03/06 v1.0d TeX engine tests
))
\Gm@cnth=\count188
\Gm@cntv=\count189
\c@Gm@tempcnt=\count190
\Gm@bindingoffset=\dimen142
\Gm@wd@mp=\dimen143
\Gm@odd@mp=\dimen144
\Gm@even@mp=\dimen145
\Gm@layoutwidth=\dimen146
\Gm@layoutheight=\dimen147
\Gm@layouthoffset=\dimen148
\Gm@layoutvoffset=\dimen149
\Gm@dimlist=\toks19
)
(/usr/share/texlive/texmf-dist/tex/latex/tools/enumerate.sty
Package: enumerate 2015/07/23 v3.00 enumerate extensions (DPC)
\@enLab=\toks20
)
(/usr/share/texlive/texmf-dist/tex/latex/l3backend/l3backend-pdftex.def
File: l3backend-pdftex.def 2020-01-29 L3 backend support: PDF output (pdfTeX)
\l__color_backend_stack_int=\count191
\l__pdf_internal_box=\box47
)
(./main.aux
LaTeX Info: Redefining \. on input line 8.
LaTeX Info: Redefining \% on input line 8.


LaTeX Warning: Label `diagrama' multiply defined.


LaTeX Warning: Label `diagrama' multiply defined.


LaTeX Warning: Label `diagrama' multiply defined.


LaTeX Warning: Label `diagrama' multiply defined.


LaTeX Warning: Label `diagrama' multiply defined.


LaTeX Warning: Label `diagrama' multiply defined.

)
\openout1 = `main.aux'.

LaTeX Font Info:    Checking defaults for OML/cmm/m/it on input line 11.
LaTeX Font Info:    ... okay on input line 11.
LaTeX Font Info:    Checking defaults for OMS/cmsy/m/n on input line 11.
LaTeX Font Info:    ... okay on input line 11.
LaTeX Font Info:    Checking defaults for OT1/cmr/m/n on input line 11.
LaTeX Font Info:    ... okay on input line 11.
LaTeX Font Info:    Checking defaults for T1/cmr/m/n on input line 11.
LaTeX Font Info:    ... okay on input line 11.
LaTeX Font Info:    Checking defaults for TS1/cmr/m/n on input line 11.
LaTeX Font Info:    ... okay on input line 11.
LaTeX Font Info:    Checking defaults for OMX/cmex/m/n on input line 11.
LaTeX Font Info:    ... okay on input line 11.
LaTeX Font Info:    Checking defaults for U/cmr/m/n on input line 11.
LaTeX Font Info:    ... okay on input line 11.
LaTeX Info: Redefining \. on input line 11.
LaTeX Info: Redefining \% on input line 11.
 (/usr/share/texlive/texmf-dist/tex/context/base/mkii/supp-pdf.mkii
[Loading MPS to PDF converter (version 2006.09.02).]
\scratchcounter=\count192
\scratchdimen=\dimen150
\scratchbox=\box48
\nofMPsegments=\count193
\nofMParguments=\count194
\everyMPshowfont=\toks21
\MPscratchCnt=\count195
\MPscratchDim=\dimen151
\MPnumerator=\count196
\makeMPintoPDFobject=\count197
\everyMPtoPDFconversion=\toks22
) (/usr/share/texlive/texmf-dist/tex/latex/epstopdf-pkg/epstopdf-base.sty
Package: epstopdf-base 2020-01-24 v2.11 Base part for package epstopdf
Package epstopdf-base Info: Redefining graphics rule for `.eps' on input line 4
85.

(/usr/share/texlive/texmf-dist/tex/latex/latexconfig/epstopdf-sys.cfg
File: epstopdf-sys.cfg 2010/07/13 v1.3 Configuration of (r)epstopdf for TeX Liv
e
))
*geometry* driver: auto-detecting
*geometry* detected driver: pdftex
*geometry* verbose mode - [ preamble ] result:
* driver: pdftex
* paper: <default>
* layout: <same size as paper>
* layoutoffset:(h,v)=(0.0pt,0.0pt)
* modes: 
* h-part:(L,W,R)=(56.9055pt, 500.484pt, 56.9055pt)
* v-part:(T,H,B)=(95.39737pt, 642.66711pt, 56.9055pt)
* \paperwidth=614.295pt
* \paperheight=794.96999pt
* \textwidth=500.484pt
* \textheight=642.66711pt
* \oddsidemargin=-15.36449pt
* \evensidemargin=-15.36449pt
* \topmargin=-13.87262pt
* \headheight=12.0pt
* \headsep=25.0pt
* \topskip=10.0pt
* \footskip=30.0pt
* \marginparwidth=65.0pt
* \marginparsep=11.0pt
* \columnsep=10.0pt
* \skip\footins=9.0pt plus 4.0pt minus 2.0pt
* \hoffset=0.0pt
* \voffset=0.0pt
* \mag=1000
* \@twocolumnfalse
* \@twosidefalse
* \@mparswitchfalse
* \@reversemarginfalse
* (1in=72.27pt=25.4mm, 1cm=28.453pt)

<fime.jpg, id=1, 311.66437pt x 159.59625pt>
File: fime.jpg Graphic file (type jpg)
<use fime.jpg>
Package pdftex.def Info: fime.jpg  used on input line 15.
(pdftex.def)             Requested size: 93.50003pt x 47.87923pt.

Overfull \hbox (18.4305pt too wide) in paragraph at lines 15--16
[][] 
 []

LaTeX Font Info:    External font `cmex10' loaded for size
(Font)              <7> on input line 16.
LaTeX Font Info:    External font `cmex10' loaded for size
(Font)              <5> on input line 16.
<uanl.png, id=3, 170.13562pt x 167.87718pt>
File: uanl.png Graphic file (type png)
<use uanl.png>
Package pdftex.def Info: uanl.png  used on input line 22.
(pdftex.def)             Requested size: 51.04108pt x 50.36354pt.
[1{/var/lib/texmf/fonts/map/pdftex/updmap/pdftex.map}

 <./fime.jpg> <./uanl.png>] [1] [2] [3] [4]
Underfull \hbox (badness 10000) in paragraph at lines 85--87

 []


Underfull \hbox (badness 10000) in paragraph at lines 85--87

 []

<modelo.png, id=28, 473.51906pt x 245.41687pt>
File: modelo.png Graphic file (type png)
<use modelo.png>
Package pdftex.def Info: modelo.png  used on input line 91.
(pdftex.def)             Requested size: 284.52756pt x 147.46844pt.

Underfull \hbox (badness 10000) in paragraph at lines 96--100

 []


Underfull \hbox (badness 10000) in paragraph at lines 101--105

 []

[5 <./modelo.png>]
Underfull \hbox (badness 10000) in paragraph at lines 112--128

 []


Underfull \hbox (badness 10000) in paragraph at lines 112--128

 []


Underfull \hbox (badness 10000) in paragraph at lines 112--128

 []


Underfull \hbox (badness 10000) in paragraph at lines 112--128

 []

<fo.png, id=34, 707.64375pt x 237.88875pt>
File: fo.png Graphic file (type png)
<use fo.png>
Package pdftex.def Info: fo.png  used on input line 131.
(pdftex.def)             Requested size: 284.52756pt x 95.6511pt.
[6 <./fo.png>] (./pasos.tex (./objetivo1.tex)
<imagenes/orange1.png, id=45, 739.76375pt x 408.52625pt>
File: imagenes/orange1.png Graphic file (type png)
<use imagenes/orange1.png>
Package pdftex.def Info: imagenes/orange1.png  used on input line 13.
(pdftex.def)             Requested size: 369.88097pt x 204.26262pt.
<imagenes/estadosporasacrificado.png, id=46, 1373.13pt x 745.78625pt>
File: imagenes/estadosporasacrificado.png Graphic file (type png)
<use imagenes/estadosporasacrificado.png>
Package pdftex.def Info: imagenes/estadosporasacrificado.png  used on input lin
e 19.
(pdftex.def)             Requested size: 411.94218pt x 223.7376pt.
<imagenes/estadosporvalor.png, id=47, 1373.13pt x 745.78625pt>
File: imagenes/estadosporvalor.png Graphic file (type png)
<use imagenes/estadosporvalor.png>
Package pdftex.def Info: imagenes/estadosporvalor.png  used on input line 25.
(pdftex.def)             Requested size: 411.94218pt x 223.7376pt.
 [7] [8 <./imagenes/orange1.png> <./imagenes/estadosporasacrificado.png>] (./ob
jetivo2.tex) (./objetivo3.tex)
<imagenes/graficaestados-sacrificados.png, id=56, 1373.13pt x 745.78625pt>
File: imagenes/graficaestados-sacrificados.png Graphic file (type png)
<use imagenes/graficaestados-sacrificados.png>
Package pdftex.def Info: imagenes/graficaestados-sacrificados.png  used on inpu
t line 35.
(pdftex.def)             Requested size: 227.62204pt x 123.61841pt.
<imagenes/graficaestados-valor.png, id=57, 1373.13pt x 745.78625pt>
File: imagenes/graficaestados-valor.png Graphic file (type png)
<use imagenes/graficaestados-valor.png>
Package pdftex.def Info: imagenes/graficaestados-valor.png  used on input line 
42.
(pdftex.def)             Requested size: 227.62204pt x 123.61841pt.

Overfull \hbox (18.67078pt too wide) in paragraph at lines 33--46
[][]   [] 
 []

[9 <./imagenes/estadosporvalor.png> <./imagenes/graficaestados-sacrificados.png
> <./imagenes/graficaestados-valor.png>] (./objetivo4.tex
<imagenes/correlacion.png, id=64, 653.44125pt x 456.70625pt>
File: imagenes/correlacion.png Graphic file (type png)
<use imagenes/correlacion.png>
Package pdftex.def Info: imagenes/correlacion.png  used on input line 5.
(pdftex.def)             Requested size: 196.03387pt x 137.01292pt.
) (./objetivo5.tex
<imagenes/Orange2.png, id=65, 854.19125pt x 567.11874pt>
File: imagenes/Orange2.png Graphic file (type png)
<use imagenes/Orange2.png>
Package pdftex.def Info: imagenes/Orange2.png  used on input line 4.
(pdftex.def)             Requested size: 341.67046pt x 226.84348pt.
<imagenes/orange3.png, id=66, 688.5725pt x 227.85126pt>
File: imagenes/orange3.png Graphic file (type png)
<use imagenes/orange3.png>
Package pdftex.def Info: imagenes/orange3.png  used on input line 10.
(pdftex.def)             Requested size: 344.2854pt x 113.92534pt.
<imagenes/grafica-real-2020.png, id=67, 1373.13pt x 745.78625pt>
File: imagenes/grafica-real-2020.png Graphic file (type png)
<use imagenes/grafica-real-2020.png>
Package pdftex.def Info: imagenes/grafica-real-2020.png  used on input line 17.

(pdftex.def)             Requested size: 227.62204pt x 123.61841pt.
<imagenes/grafica-prediccion.png, id=68, 1373.13pt x 745.78625pt>
File: imagenes/grafica-prediccion.png Graphic file (type png)
<use imagenes/grafica-prediccion.png>
Package pdftex.def Info: imagenes/grafica-prediccion.png  used on input line 24
.
(pdftex.def)             Requested size: 227.62204pt x 123.61841pt.

Overfull \hbox (18.67078pt too wide) in paragraph at lines 15--28
[][]   [] 
 []


LaTeX Warning: `h' float specifier changed to `ht'.

[10 <./imagenes/correlacion.png> <./imagenes/Orange2.png>])) [11 <./imagenes/or
ange3.png> <./imagenes/grafica-real-2020.png> <./imagenes/grafica-prediccion.pn
g>]
<imagenes/diagrama.png, id=80, 1034.86626pt x 458.71375pt>
File: imagenes/diagrama.png Graphic file (type png)
<use imagenes/diagrama.png>
Package pdftex.def Info: imagenes/diagrama.png  used on input line 156.
(pdftex.def)             Requested size: 483.69684pt x 214.4056pt.

Underfull \hbox (badness 10000) in paragraph at lines 161--163

 []


Underfull \hbox (badness 10000) in paragraph at lines 161--163

 []


Underfull \hbox (badness 10000) in paragraph at lines 161--163

 []

<python.png, id=81, 688.07062pt x 204.01219pt>
File: python.png Graphic file (type png)
<use python.png>
Package pdftex.def Info: python.png  used on input line 166.
(pdftex.def)             Requested size: 312.9803pt x 92.79767pt.
<imagenes/final.jpeg, id=82, 1284.8pt x 696.6025pt>
File: imagenes/final.jpeg Graphic file (type jpg)
<use imagenes/final.jpeg>
Package pdftex.def Info: imagenes/final.jpeg  used on input line 173.
(pdftex.def)             Requested size: 455.24408pt x 246.82262pt.
[12 <./imagenes/diagrama.png> <./python.png>] (./resultados.tex [13 <./imagenes
/final.jpeg>]
<prep.jpeg, id=92, 168.63pt x 422.32782pt>
File: prep.jpeg Graphic file (type jpg)
<use prep.jpeg>
Package pdftex.def Info: prep.jpeg  used on input line 9.
(pdftex.def)             Requested size: 170.71652pt x 427.55946pt.
<imagenes/grafica.jpeg, id=93, 1284.8pt x 696.6025pt>
File: imagenes/grafica.jpeg Graphic file (type jpg)
<use imagenes/grafica.jpeg>
Package pdftex.def Info: imagenes/grafica.jpeg  used on input line 17.
(pdftex.def)             Requested size: 341.43306pt x 185.11961pt.


LaTeX Warning: `h' float specifier changed to `ht'.

) [14 <./prep.jpeg>] [15 <./imagenes/grafica.jpeg>] (./conclusion.tex) [16]
(./main.aux
LaTeX Info: Redefining \. on input line 8.
LaTeX Info: Redefining \% on input line 8.
)

LaTeX Warning: There were multiply-defined labels.

 ) 
Here is how much of TeX's memory you used:
 3084 strings out of 479304
 45664 string characters out of 5869779
 352369 words of memory out of 5000000
 20240 multiletter control sequences out of 15000+600000
 406550 words of font info for 37 fonts, out of 8000000 for 9000
 1141 hyphenation exceptions out of 8191
 68i,8n,74p,1118b,469s stack positions out of 5000i,500n,10000p,200000b,80000s
</usr/share/texlive/texmf-dist/fonts/type1/public/amsfonts/cm/cmbx10.pfb></us
r/share/texlive/texmf-dist/fonts/type1/public/amsfonts/cm/cmbx12.pfb></usr/shar
e/texlive/texmf-dist/fonts/type1/public/amsfonts/cm/cmcsc10.pfb></usr/share/tex
live/texmf-dist/fonts/type1/public/amsfonts/cm/cmex10.pfb></usr/share/texlive/t
exmf-dist/fonts/type1/public/amsfonts/cm/cmmi10.pfb></usr/share/texlive/texmf-d
ist/fonts/type1/public/amsfonts/cm/cmmi7.pfb></usr/share/texlive/texmf-dist/fon
ts/type1/public/amsfonts/cm/cmr10.pfb></usr/share/texlive/texmf-dist/fonts/type
1/public/amsfonts/cm/cmr12.pfb></usr/share/texlive/texmf-dist/fonts/type1/publi
c/amsfonts/cm/cmr7.pfb></usr/share/texlive/texmf-dist/fonts/type1/public/amsfon
ts/cm/cmsy10.pfb></usr/share/texlive/texmf-dist/fonts/type1/public/amsfonts/cm/
cmti12.pfb>
Output written on main.pdf (17 pages, 1887988 bytes).
PDF statistics:
 140 PDF objects out of 1000 (max. 8388607)
 73 compressed objects within 1 object stream
 0 named destinations out of 1000 (max. 500000)
 96 words of extra memory for PDF output out of 10000 (max. 10000000)

